2024-03-04 11:23:27,750 [http-nio-8080-exec-2] INFO  c.S.S.Controller.StudentController - [StudentModel [studentId=16, name=Madhumitha, registerNo=68, gender=Female, age=21, phoneNumber=7708108426, currentStatus=Completed, emailId=Madhumitha@gmail.com, course=BCA, batch=set34, fees=39000], StudentModel [studentId=19, name=Arunalatha, registerNo=28, gender=Female, age=41, phoneNumber=9003803703, currentStatus=Completed, emailId=Arunalatha@gmail.com, course=MSC, batch=set34, fees=29000], StudentModel [studentId=20, name=Elakiya, registerNo=58, gender=Female, age=31, phoneNumber=9003803703, currentStatus=Undergoing, emailId=Elakiya@gmail.com, course=PHD, batch=set54, fees=23000], StudentModel [studentId=49, name=Rithika, registerNo=38, gender=Female, age=19, phoneNumber=8796756778, currentStatus=Completed, emailId=Rithika@gmail.com, course=Bsc, batch=set14, fees=23000]]
2024-03-04 11:52:42,708 [http-nio-8080-exec-1] INFO  c.S.S.Controller.StudentController - [StudentModel [studentId=16, name=Madhumitha, registerNo=68, gender=Female, age=21, phoneNumber=7708108426, currentStatus=Completed, emailId=Madhumitha@gmail.com, course=BCA, batch=set34, fees=39000], StudentModel [studentId=19, name=Arunalatha, registerNo=28, gender=Female, age=41, phoneNumber=9003803703, currentStatus=Completed, emailId=Arunalatha@gmail.com, course=MSC, batch=set34, fees=29000], StudentModel [studentId=20, name=Elakiya, registerNo=58, gender=Female, age=31, phoneNumber=9003803703, currentStatus=Undergoing, emailId=Elakiya@gmail.com, course=PHD, batch=set54, fees=23000], StudentModel [studentId=49, name=Rithika, registerNo=38, gender=Female, age=19, phoneNumber=8796756778, currentStatus=Completed, emailId=Rithika@gmail.com, course=Bsc, batch=set14, fees=23000]]
2024-03-04 11:53:09,869 [http-nio-8080-exec-3] INFO  c.S.S.Controller.StudentController - StudentModel [studentId=20, name=Elakiya, registerNo=58, gender=Female, age=31, phoneNumber=9003803703, currentStatus=Undergoing, emailId=Elakiya@gmail.com, course=PHD, batch=set54, fees=23000]
2024-03-04 11:54:04,365 [http-nio-8080-exec-2] INFO  c.S.S.Controller.StudentController - null
2024-03-04 12:55:45,405 [http-nio-8080-exec-10] INFO  c.S.S.Controller.StudentController - [StudentModel [studentId=16, name=Madhumitha, registerNo=68, gender=Female, age=21, phoneNumber=7708108426, currentStatus=Completed, emailId=Madhumitha@gmail.com, course=BCA, batch=set34, fees=39000], StudentModel [studentId=19, name=Arunalatha, registerNo=28, gender=Female, age=41, phoneNumber=9003803703, currentStatus=Completed, emailId=Arunalatha@gmail.com, course=MSC, batch=set34, fees=29000], StudentModel [studentId=20, name=Elakiya, registerNo=58, gender=Female, age=31, phoneNumber=9003803703, currentStatus=Undergoing, emailId=Elakiya@gmail.com, course=PHD, batch=set54, fees=23000], StudentModel [studentId=49, name=Rithika, registerNo=38, gender=Female, age=19, phoneNumber=8796756778, currentStatus=Completed, emailId=Rithika@gmail.com, course=Bsc, batch=set14, fees=23000]]
2024-03-04 13:56:16,569 [http-nio-8080-exec-7] INFO  c.S.S.Controller.StudentController - Student Details deleted successfully
2024-03-04 14:04:20,145 [http-nio-8080-exec-6] INFO  c.S.S.Controller.StudentController - [StudentModel [studentId=16, name=Madhumitha, registerNo=68, gender=Female, age=21, phoneNumber=7708108426, currentStatus=Completed, emailId=Madhumitha@gmail.com, course=BCA, batch=set34, fees=39000], StudentModel [studentId=19, name=Arunalatha, registerNo=28, gender=Female, age=41, phoneNumber=9003803703, currentStatus=Completed, emailId=Arunalatha@gmail.com, course=MSC, batch=set34, fees=29000], StudentModel [studentId=20, name=Elakiya, registerNo=58, gender=Female, age=31, phoneNumber=9003803703, currentStatus=Undergoing, emailId=Elakiya@gmail.com, course=PHD, batch=set54, fees=23000]]
2024-03-04 14:08:04,771 [http-nio-8080-exec-2] INFO  c.S.S.Controller.StudentController - Student inserted successfully
2024-03-04 17:58:57,384 [http-nio-8080-exec-1] INFO  c.S.S.Controller.StudentController - Student Record is not inserted
2024-03-04 17:59:50,791 [http-nio-8080-exec-4] INFO  c.S.S.Controller.StudentController - Student inserted successfully
2024-03-04 18:04:11,766 [http-nio-8080-exec-8] INFO  c.S.S.Controller.StudentController - Student Record is not inserted
2024-03-04 18:04:42,107 [http-nio-8080-exec-10] INFO  c.S.S.Controller.StudentController - Student inserted successfully
2024-03-04 19:05:34,155 [http-nio-8080-exec-1] INFO  c.S.S.Controller.StudentController - [StudentModel [studentId=16, name=Madhumitha, registerNo=68, gender=Female, age=21, phoneNumber=7708108426, currentStatus=Completed, emailId=Madhumitha@gmail.com, course=BCA, batch=set34, fees=39000], StudentModel [studentId=19, name=Arunalatha, registerNo=28, gender=Female, age=41, phoneNumber=9003803703, currentStatus=Completed, emailId=Arunalatha@gmail.com, course=MSC, batch=set34, fees=29000], StudentModel [studentId=20, name=Elakiya, registerNo=58, gender=Female, age=31, phoneNumber=9003803703, currentStatus=Undergoing, emailId=Elakiya@gmail.com, course=PHD, batch=set54, fees=23000], StudentModel [studentId=50, name=Rithika, registerNo=38, gender=Female, age=19, phoneNumber=8796756778, currentStatus=Completed, emailId=Rithika@gmail.com, course=Bsc, batch=set14, fees=23000], StudentModel [studentId=54, name=Rithika, registerNo=981, gender=Female, age=19, phoneNumber=8796756778, currentStatus=Completed, emailId=Rithika@gmail.com, course=Bsc, batch=set14, fees=23000]]
2024-03-04 19:17:52,439 [http-nio-8080-exec-5] INFO  c.S.S.Controller.StudentController - [StudentModel [studentId=16, name=Madhumitha, registerNo=68, gender=Female, age=21, phoneNumber=7708108426, currentStatus=Completed, emailId=Madhumitha@gmail.com, course=BCA, batch=set34, fees=39000], StudentModel [studentId=19, name=Arunalatha, registerNo=28, gender=Female, age=41, phoneNumber=9003803703, currentStatus=Completed, emailId=Arunalatha@gmail.com, course=MSC, batch=set34, fees=29000], StudentModel [studentId=20, name=Elakiya, registerNo=58, gender=Female, age=31, phoneNumber=9003803703, currentStatus=Undergoing, emailId=Elakiya@gmail.com, course=PHD, batch=set54, fees=23000], StudentModel [studentId=50, name=Rithika, registerNo=38, gender=Female, age=19, phoneNumber=8796756778, currentStatus=Completed, emailId=Rithika@gmail.com, course=Bsc, batch=set14, fees=23000], StudentModel [studentId=54, name=Rithika, registerNo=981, gender=Female, age=19, phoneNumber=8796756778, currentStatus=Completed, emailId=Rithika@gmail.com, course=Bsc, batch=set14, fees=23000]]
2024-03-05 16:32:41,772 [http-nio-8080-exec-1] INFO  c.S.S.Controller.StudentController - Student record is not inserted
2024-03-05 16:34:26,373 [main] INFO  c.S.S.Controller.StudentController - Student inserted successfully
2024-03-05 16:35:53,264 [main] INFO  c.S.S.Controller.StudentController - Student record is not inserted
2024-03-05 16:37:28,346 [http-nio-8080-exec-3] INFO  c.S.S.Controller.StudentController - Student inserted successfully
2024-03-05 16:50:55,005 [main] INFO  c.S.S.Controller.StudentController - Student record is not inserted
2024-03-05 16:52:12,491 [main] INFO  c.S.S.Controller.StudentController - Student inserted successfully
2024-03-05 17:01:53,682 [main] INFO  c.S.S.Controller.StudentController - Student inserted successfully
2024-03-05 17:38:06,184 [main] INFO  c.S.S.Controller.StudentController - Student inserted successfully
2024-03-05 17:39:04,951 [main] INFO  c.S.S.Controller.StudentController - Student record is not inserted
2024-03-05 17:40:28,962 [main] INFO  c.S.S.Controller.StudentController - Student record is not inserted
2024-03-05 17:40:29,030 [main] INFO  c.S.S.Controller.StudentController - StudentDetails is not deleted
2024-03-05 17:41:18,326 [main] INFO  c.S.S.Controller.StudentController - Student record is not inserted
2024-03-05 17:41:18,411 [main] INFO  c.S.S.Controller.StudentController - Student Details deleted successfully
2024-03-05 17:43:17,923 [main] INFO  c.S.S.Controller.StudentController - Student inserted successfully
2024-03-05 17:43:17,977 [main] INFO  c.S.S.Controller.StudentController - StudentDetails is not deleted
2024-03-05 17:43:54,677 [main] INFO  c.S.S.Controller.StudentController - Student record is not inserted
2024-03-05 17:43:54,737 [main] INFO  c.S.S.Controller.StudentController - StudentDetails is not deleted
2024-03-05 17:44:26,950 [main] INFO  c.S.S.Controller.StudentController - Student record is not inserted
2024-03-05 17:44:27,019 [main] INFO  c.S.S.Controller.StudentController - Student Details deleted successfully
2024-03-05 17:47:56,634 [main] INFO  c.S.S.Controller.StudentController - Student inserted successfully
2024-03-05 17:47:56,682 [main] INFO  c.S.S.Controller.StudentController - Student Details deleted successfully
2024-03-05 17:49:54,994 [http-nio-8080-exec-8] INFO  c.S.S.Controller.StudentController - Student inserted successfully
2024-03-05 17:50:12,615 [main] INFO  c.S.S.Controller.StudentController - Student record is not inserted
2024-03-05 17:50:12,681 [main] INFO  c.S.S.Controller.StudentController - StudentDetails is not deleted
2024-03-05 17:50:53,501 [main] INFO  c.S.S.Controller.StudentController - Student record is not inserted
2024-03-05 17:50:53,564 [main] INFO  c.S.S.Controller.StudentController - Student Details deleted successfully
2024-03-05 17:53:38,705 [http-nio-8080-exec-10] INFO  c.S.S.Controller.StudentController - Student inserted successfully
2024-03-05 17:54:07,942 [main] INFO  c.S.S.Controller.StudentController - Student inserted successfully
2024-03-05 17:54:07,999 [main] INFO  c.S.S.Controller.StudentController - Student Details deleted successfully
2024-03-05 17:56:47,050 [http-nio-8080-exec-4] INFO  c.S.S.Controller.StudentController - Student Record is not Updated
2024-03-05 18:00:06,088 [http-nio-8080-exec-5] INFO  c.S.S.Controller.StudentController - Student inserted successfully
2024-03-05 18:00:21,291 [main] INFO  c.S.S.Controller.StudentController - Student inserted successfully
2024-03-05 18:00:21,337 [main] INFO  c.S.S.Controller.StudentController - StudentDetails is not deleted
2024-03-05 18:02:02,772 [main] INFO  c.S.S.Controller.StudentController - Student inserted successfully
2024-03-05 18:02:02,878 [main] INFO  c.S.S.Controller.StudentController - Student Details deleted successfully
2024-03-05 18:02:49,898 [http-nio-8080-exec-7] INFO  c.S.S.Controller.StudentController - Student inserted successfully
2024-03-05 18:03:22,070 [main] INFO  c.S.S.Controller.StudentController - Student inserted successfully
2024-03-05 18:03:22,129 [main] INFO  c.S.S.Controller.StudentController - Student Record is not Updated
2024-03-05 18:03:22,165 [main] INFO  c.S.S.Controller.StudentController - StudentDetails is not deleted
2024-03-05 18:04:09,350 [http-nio-8080-exec-2] INFO  c.S.S.Controller.StudentController - Student inserted successfully
2024-03-05 18:06:16,842 [http-nio-8080-exec-3] INFO  c.S.S.Controller.StudentController - Student record is not inserted
2024-03-05 18:07:05,121 [main] INFO  c.S.S.Controller.StudentController - Student inserted successfully
2024-03-05 18:07:05,168 [main] INFO  c.S.S.Controller.StudentController - Student Record is not Updated
2024-03-05 18:07:05,204 [main] INFO  c.S.S.Controller.StudentController - Student Details deleted successfully
2024-03-05 18:07:47,263 [main] INFO  c.S.S.Controller.StudentController - Student Updates successfully
2024-03-05 18:27:20,989 [main] INFO  c.S.S.Controller.StudentController - Student Updates successfully
2024-03-05 18:28:23,571 [main] INFO  c.S.S.Controller.StudentController - Student Updates successfully
2024-03-05 18:30:37,855 [main] INFO  c.S.S.Controller.StudentController - Student Updates successfully
2024-03-05 18:30:37,926 [main] INFO  c.S.S.Controller.StudentController - null
2024-03-05 19:04:17,922 [main] INFO  c.S.S.Controller.StudentController - Student Updates successfully
2024-03-05 19:05:35,096 [main] INFO  c.S.S.Controller.StudentController - Student Updates successfully
2024-03-05 19:06:39,348 [main] INFO  c.S.S.Controller.StudentController - Student Updates successfully
2024-03-05 19:21:38,072 [main] INFO  c.S.S.Controller.StudentController - Student Updates successfully
2024-03-05 19:25:56,214 [main] INFO  c.S.S.Controller.StudentController - Student Updates successfully
2024-03-05 19:26:11,493 [main] INFO  c.S.S.Controller.StudentController - Student Updates successfully
